<?xml version="1.0" encoding="UTF-8"?>
<!-- Generated by org.testng.reporters.JUnitReportReporter -->
<testsuite hostname="DESKTOP-C5RJD4I" failures="0" tests="1" name="Practice.Practice" time="0.019" errors="0" timestamp="2023-03-10T17:30:05 IST" skipped="0">
  <testcase classname="Practice.Practice" name="pr1" time="0.019"/>
  <system-out/>
</testsuite> <!-- Practice.Practice -->
