<?xml version="1.0" encoding="UTF-8"?>
<!-- Generated by org.testng.reporters.JUnitReportReporter -->
<testsuite hostname="DESKTOP-C5RJD4I" failures="0" tests="1" name="Practice.Practice2" time="0.016" errors="0" timestamp="2023-03-10T14:50:25 IST" skipped="0">
  <testcase classname="Practice.Practice2" name="pr1" time="0.016"/>
  <system-out/>
</testsuite> <!-- Practice.Practice2 -->
