<?xml version="1.0" encoding="UTF-8"?>
<!-- Generated by org.testng.reporters.JUnitReportReporter -->
<testsuite skipped="0" hostname="DESKTOP-C5RJD4I" name="Practice.Practice" tests="1" failures="0" timestamp="2023-03-10T14:55:53 IST" time="0.013" errors="0">
  <testcase name="pr1" time="0.013" classname="Practice.Practice"/>
  <system-out/>
</testsuite> <!-- Practice.Practice -->
